生成启动时间为 2018/3/29 10:54:21。
     1>项目“E:\新建文件夹\文本\code\c++\VS2013\ViBePretreat\ViBePretreat\ViBePretreat.vcxproj”在节点 2 上(Rebuild 个目标)。
     1>C:\Program Files (x86)\MSBuild\Microsoft.Cpp\v4.0\V120\Microsoft.CppClean.targets(76,5): warning : 对路径“e:\新建文件夹\文本\code\c++\vs2013\vibepretreat\debug\vibepretreat.exe”的访问被拒绝。
     1>ClCompile:
         C:\Program Files (x86)\Microsoft Visual Studio 12.0\VC\bin\CL.exe /c /ZI /nologo /W3 /WX- /sdl /Od /Oy- /D _MBCS /Gm /EHsc /RTC1 /MDd /GS /fp:precise /Zc:wchar_t /Zc:forScope /Fo"Debug\\" /Fd"Debug\vc120.pdb" /Gd /TP /analyze- /errorReport:prompt main.cpp synopsis.cpp
         synopsis.cpp
     1>e:\新建文件夹\文本\code\c++\vs2013\vibepretreat\vibepretreat\synopsis.h(77): warning C4010: 单行注释包含行继续符
     1>e:\新建文件夹\文本\code\c++\vs2013\vibepretreat\vibepretreat\synopsis.cpp(344): warning C4244: “=”: 从“const float”转换到“int”，可能丢失数据
     1>e:\新建文件夹\文本\code\c++\vs2013\vibepretreat\vibepretreat\synopsis.cpp(345): warning C4244: “=”: 从“const float”转换到“int”，可能丢失数据
     1>e:\新建文件夹\文本\code\c++\vs2013\vibepretreat\vibepretreat\synopsis.cpp(357): warning C4010: 单行注释包含行继续符
     1>e:\新建文件夹\文本\code\c++\vs2013\vibepretreat\vibepretreat\synopsis.cpp(499): warning C4018: “<”: 有符号/无符号不匹配
     1>e:\新建文件夹\文本\code\c++\vs2013\vibepretreat\vibepretreat\synopsis.cpp(454): warning C4101: “time”: 未引用的局部变量
         main.cpp
     1>e:\新建文件夹\文本\code\c++\vs2013\vibepretreat\vibepretreat\synopsis.h(77): warning C4010: 单行注释包含行继续符
         正在生成代码...
       Link:
         C:\Program Files (x86)\Microsoft Visual Studio 12.0\VC\bin\link.exe /ERRORREPORT:PROMPT /OUT:"E:\新建文件夹\文本\code\c++\VS2013\ViBePretreat\Debug\ViBePretreat.exe" /INCREMENTAL /NOLOGO opencv_calib3d2413d.lib opencv_contrib2413d.lib opencv_core2413d.lib opencv_features2d2413d.lib opencv_flann2413d.lib opencv_gpu2413d.lib opencv_highgui2413d.lib opencv_imgproc2413d.lib opencv_legacy2413d.lib opencv_ml2413d.lib opencv_nonfree2413d.lib opencv_objdetect2413d.lib opencv_ocl2413d.lib opencv_photo2413d.lib opencv_stitching2413d.lib opencv_superres2413d.lib opencv_ts2413d.lib opencv_video2413d.lib opencv_videostab2413d.lib kernel32.lib user32.lib gdi32.lib winspool.lib comdlg32.lib advapi32.lib shell32.lib ole32.lib oleaut32.lib uuid.lib odbc32.lib odbccp32.lib /MANIFEST /MANIFESTUAC:"level='asInvoker' uiAccess='false'" /manifest:embed /DEBUG /PDB:"E:\新建文件夹\文本\code\c++\VS2013\ViBePretreat\Debug\ViBePretreat.pdb" /TLBID:1 /DYNAMICBASE /NXCOMPAT /IMPLIB:"E:\新建文件夹\文本\code\c++\VS2013\ViBePretreat\Debug\ViBePretreat.lib" /MACHINE:X86 Debug\main.obj
         Debug\synopsis.obj
     1>LINK : fatal error LNK1104: 无法打开文件“E:\新建文件夹\文本\code\c++\VS2013\ViBePretreat\Debug\ViBePretreat.exe”
     1>已完成生成项目“E:\新建文件夹\文本\code\c++\VS2013\ViBePretreat\ViBePretreat\ViBePretreat.vcxproj”(Rebuild 个目标)的操作 - 失败。

生成失败。

已用时间 00:00:03.73
