生成启动时间为 2018/3/29 11:13:38。
     1>项目“E:\新建文件夹\文本\code\c++\VS2013\ViBePretreat\ViBePretreat\ViBePretreat.vcxproj”在节点 2 上(Build 个目标)。
     1>ClCompile:
         C:\Program Files (x86)\Microsoft Visual Studio 12.0\VC\bin\CL.exe /c /IF:\soft\opencv\build\include /Zi /nologo /W3 /WX- /sdl /O2 /Oi /Oy- /GL /D _MBCS /Gm- /EHsc /MD /GS /Gy /fp:precise /Zc:wchar_t /Zc:forScope /Fo"Release\\" /Fd"Release\vc120.pdb" /Gd /TP /analyze- /errorReport:prompt synopsis.cpp
         synopsis.cpp
     1>e:\新建文件夹\文本\code\c++\vs2013\vibepretreat\vibepretreat\synopsis.h(77): warning C4010: 单行注释包含行继续符
     1>synopsis.cpp(351): warning C4244: “=”: 从“const float”转换到“int”，可能丢失数据
     1>synopsis.cpp(352): warning C4244: “=”: 从“const float”转换到“int”，可能丢失数据
     1>synopsis.cpp(364): warning C4010: 单行注释包含行继续符
     1>synopsis.cpp(506): warning C4018: “<”: 有符号/无符号不匹配
     1>synopsis.cpp(461): warning C4101: “time”: 未引用的局部变量
       Link:
         C:\Program Files (x86)\Microsoft Visual Studio 12.0\VC\bin\link.exe /ERRORREPORT:PROMPT /OUT:"E:\新建文件夹\文本\code\c++\VS2013\ViBePretreat\Release\ViBePretreat.exe" /NOLOGO /LIBPATH:F:\soft\opencv\build\x86\vc12\lib opencv_calib3d2413.lib opencv_contrib2413.lib opencv_core2413.lib opencv_features2d2413.lib opencv_flann2413.lib opencv_gpu2413.lib opencv_highgui2413.lib opencv_imgproc2413.lib opencv_legacy2413.lib opencv_ml2413.lib opencv_nonfree2413.lib opencv_objdetect2413.lib opencv_ocl2413.lib opencv_photo2413.lib opencv_stitching2413.lib opencv_superres2413.lib opencv_ts2413.lib opencv_video2413.lib opencv_videostab2413.lib kernel32.lib user32.lib gdi32.lib winspool.lib comdlg32.lib advapi32.lib shell32.lib ole32.lib oleaut32.lib uuid.lib odbc32.lib odbccp32.lib /MANIFEST /MANIFESTUAC:"level='asInvoker' uiAccess='false'" /manifest:embed /DEBUG /PDB:"E:\新建文件夹\文本\code\c++\VS2013\ViBePretreat\Release\ViBePretreat.pdb" /OPT:REF /OPT:ICF /LTCG /TLBID:1 /DYNAMICBASE /NXCOMPAT /IMPLIB:"E:\新建文件夹\文本\code\c++\VS2013\ViBePretreat\Release\ViBePretreat.lib" /MACHINE:X86 /SAFESEH Release\main.obj
         Release\synopsis.obj
         正在生成代码
         已完成代码的生成
         ViBePretreat.vcxproj -> E:\新建文件夹\文本\code\c++\VS2013\ViBePretreat\Release\ViBePretreat.exe
     1>已完成生成项目“E:\新建文件夹\文本\code\c++\VS2013\ViBePretreat\ViBePretreat\ViBePretreat.vcxproj”(Build 个目标)的操作。

生成成功。

已用时间 00:00:02.72
